0 info it worked if it ends with ok
1 verbose cli [ 'C:\\Program Files\\nodejs\\node.exe',
1 verbose cli   'C:\\Program Files\\nodejs\\node_modules\\npm\\bin\\npm-cli.js',
1 verbose cli   'install',
1 verbose cli   'node' ]
2 info using npm@3.10.9
3 info using node@v7.2.0
4 silly loadCurrentTree Starting
5 silly install loadCurrentTree
6 silly install readLocalPackageData
7 silly fetchPackageMetaData node
8 silly fetchNamedPackageData node
9 silly mapToRegistry name node
10 silly mapToRegistry using default registry
11 silly mapToRegistry registry https://registry.npmjs.org/
12 silly mapToRegistry data Result {
12 silly mapToRegistry   raw: 'node',
12 silly mapToRegistry   scope: null,
12 silly mapToRegistry   escapedName: 'node',
12 silly mapToRegistry   name: 'node',
12 silly mapToRegistry   rawSpec: '',
12 silly mapToRegistry   spec: 'latest',
12 silly mapToRegistry   type: 'tag' }
13 silly mapToRegistry uri https://registry.npmjs.org/node
14 verbose request uri https://registry.npmjs.org/node
15 verbose request no auth needed
16 info attempt registry request try #1 at 18:19:47
17 verbose request id 99653fe6047ab28e
18 http request GET https://registry.npmjs.org/node
19 http 200 https://registry.npmjs.org/node
20 verbose headers { date: 'Mon, 10 Jun 2019 16:19:47 GMT',
20 verbose headers   'content-type': 'application/json',
20 verbose headers   'transfer-encoding': 'chunked',
20 verbose headers   connection: 'keep-alive',
20 verbose headers   'set-cookie': [ '__cfduid=d8fd6bfed70766cc4ce4a428ee350dbe91560183587; expires=Tue, 09-Jun-20 16:19:47 GMT; path=/; domain=.npmjs.org; HttpOnly' ],
20 verbose headers   'cf-cache-status': 'HIT',
20 verbose headers   'cache-control': 'max-age=300',
20 verbose headers   'cf-ray': '4e4cab3e7b96d681-MAD',
20 verbose headers   etag: 'W/"1857437d9cae6777396e3eb5ae7c16f4"',
20 verbose headers   'expect-ct': 'max-age=604800, report-uri="https://report-uri.cloudflare.com/cdn-cgi/beacon/expect-ct"',
20 verbose headers   'last-modified': 'Wed, 05 Jun 2019 01:28:34 GMT',
20 verbose headers   vary: 'accept-encoding, accept',
20 verbose headers   'x-amz-meta-rev': '481-ece7cb2e26664a0abcdd5c6c02b2251c',
20 verbose headers   server: 'cloudflare',
20 verbose headers   'content-encoding': 'gzip' }
21 silly get cb [ 200,
21 silly get   { date: 'Mon, 10 Jun 2019 16:19:47 GMT',
21 silly get     'content-type': 'application/json',
21 silly get     'transfer-encoding': 'chunked',
21 silly get     connection: 'keep-alive',
21 silly get     'set-cookie': [ '__cfduid=d8fd6bfed70766cc4ce4a428ee350dbe91560183587; expires=Tue, 09-Jun-20 16:19:47 GMT; path=/; domain=.npmjs.org; HttpOnly' ],
21 silly get     'cf-cache-status': 'HIT',
21 silly get     'cache-control': 'max-age=300',
21 silly get     'cf-ray': '4e4cab3e7b96d681-MAD',
21 silly get     etag: 'W/"1857437d9cae6777396e3eb5ae7c16f4"',
21 silly get     'expect-ct': 'max-age=604800, report-uri="https://report-uri.cloudflare.com/cdn-cgi/beacon/expect-ct"',
21 silly get     'last-modified': 'Wed, 05 Jun 2019 01:28:34 GMT',
21 silly get     vary: 'accept-encoding, accept',
21 silly get     'x-amz-meta-rev': '481-ece7cb2e26664a0abcdd5c6c02b2251c',
21 silly get     server: 'cloudflare',
21 silly get     'content-encoding': 'gzip' } ]
22 verbose get saving node to D:\t151744\AppData\Roaming\npm-cache\registry.npmjs.org\node\.cache.json
23 verbose correctMkdir D:\t151744\AppData\Roaming\npm-cache correctMkdir not in flight; initializing
24 silly install normalizeTree
25 silly loadCurrentTree Finishing
26 silly loadIdealTree Starting
27 silly install loadIdealTree
28 silly cloneCurrentTree Starting
29 silly install cloneCurrentTreeToIdealTree
30 silly cloneCurrentTree Finishing
31 silly loadShrinkwrap Starting
32 silly install loadShrinkwrap
33 silly loadShrinkwrap Finishing
34 silly loadAllDepsIntoIdealTree Starting
35 silly install loadAllDepsIntoIdealTree
36 silly resolveWithNewModule node@12.4.0 checking installable status
37 silly cache add args [ 'node', null ]
38 verbose cache add spec node
39 silly cache add parsed spec Result {
39 silly cache add   raw: 'node',
39 silly cache add   scope: null,
39 silly cache add   escapedName: 'node',
39 silly cache add   name: 'node',
39 silly cache add   rawSpec: '',
39 silly cache add   spec: 'latest',
39 silly cache add   type: 'tag' }
40 silly addNamed node@latest
41 verbose addNamed "latest" is being treated as a dist-tag for node
42 info addNameTag [ 'node', 'latest' ]
43 silly mapToRegistry name node
44 silly mapToRegistry using default registry
45 silly mapToRegistry registry https://registry.npmjs.org/
46 silly mapToRegistry data Result {
46 silly mapToRegistry   raw: 'node',
46 silly mapToRegistry   scope: null,
46 silly mapToRegistry   escapedName: 'node',
46 silly mapToRegistry   name: 'node',
46 silly mapToRegistry   rawSpec: '',
46 silly mapToRegistry   spec: 'latest',
46 silly mapToRegistry   type: 'tag' }
47 silly mapToRegistry uri https://registry.npmjs.org/node
48 verbose addNameTag registry:https://registry.npmjs.org/node not in flight; fetching
49 verbose get https://registry.npmjs.org/node not expired, no request
50 silly addNameTag next cb for node with tag latest
51 silly addNamed node@12.4.0
52 verbose addNamed "12.4.0" is a plain semver version for node
53 silly mapToRegistry name node
54 silly mapToRegistry using default registry
55 silly mapToRegistry registry https://registry.npmjs.org/
56 silly mapToRegistry data Result {
56 silly mapToRegistry   raw: 'node',
56 silly mapToRegistry   scope: null,
56 silly mapToRegistry   escapedName: 'node',
56 silly mapToRegistry   name: 'node',
56 silly mapToRegistry   rawSpec: '',
56 silly mapToRegistry   spec: 'latest',
56 silly mapToRegistry   type: 'tag' }
57 silly mapToRegistry uri https://registry.npmjs.org/node
58 verbose addRemoteTarball https://registry.npmjs.org/node/-/node-12.4.0.tgz not in flight; adding
59 verbose addRemoteTarball [ 'https://registry.npmjs.org/node/-/node-12.4.0.tgz',
59 verbose addRemoteTarball   '5501bf6d5dcbf41f84a9dbf80925ae6e7c2c91ae' ]
60 info retry fetch attempt 1 at 18:19:47
61 info attempt registry request try #1 at 18:19:47
62 http fetch GET https://registry.npmjs.org/node/-/node-12.4.0.tgz
63 http fetch 200 https://registry.npmjs.org/node/-/node-12.4.0.tgz
64 silly fetchAndShaCheck shasum 5501bf6d5dcbf41f84a9dbf80925ae6e7c2c91ae
65 verbose addTmpTarball D:\t151744\AppData\Local\Temp\npm-24636-f390bfc1\registry.npmjs.org\node\-\node-12.4.0.tgz not in flight; adding
66 verbose addTmpTarball already have metadata; skipping unpack for node@12.4.0
67 verbose correctMkdir D:\t151744\AppData\Roaming\npm-cache correctMkdir not in flight; initializing
68 silly cache afterAdd node@12.4.0
69 verbose afterAdd D:\t151744\AppData\Roaming\npm-cache\node\12.4.0\package\package.json not in flight; writing
70 verbose correctMkdir D:\t151744\AppData\Roaming\npm-cache correctMkdir not in flight; initializing
71 verbose afterAdd D:\t151744\AppData\Roaming\npm-cache\node\12.4.0\package\package.json written
72 silly fetchNamedPackageData node-bin-setup
73 silly mapToRegistry name node-bin-setup
74 silly mapToRegistry using default registry
75 silly mapToRegistry registry https://registry.npmjs.org/
76 silly mapToRegistry data Result {
76 silly mapToRegistry   raw: 'node-bin-setup',
76 silly mapToRegistry   scope: null,
76 silly mapToRegistry   escapedName: 'node-bin-setup',
76 silly mapToRegistry   name: 'node-bin-setup',
76 silly mapToRegistry   rawSpec: '',
76 silly mapToRegistry   spec: 'latest',
76 silly mapToRegistry   type: 'tag' }
77 silly mapToRegistry uri https://registry.npmjs.org/node-bin-setup
78 verbose request uri https://registry.npmjs.org/node-bin-setup
79 verbose request no auth needed
80 info attempt registry request try #1 at 18:19:48
81 http request GET https://registry.npmjs.org/node-bin-setup
82 http 200 https://registry.npmjs.org/node-bin-setup
83 verbose headers { date: 'Mon, 10 Jun 2019 16:19:48 GMT',
83 verbose headers   'content-type': 'application/json; charset=UTF-8',
83 verbose headers   'transfer-encoding': 'chunked',
83 verbose headers   connection: 'keep-alive',
83 verbose headers   'set-cookie': [ '__cfduid=d81ac0cdb616a31f4640c4d7a3483ba681560183588; expires=Tue, 09-Jun-20 16:19:48 GMT; path=/; domain=.npmjs.org; HttpOnly' ],
83 verbose headers   'cf-cache-status': 'HIT',
83 verbose headers   'cache-control': 'max-age=300',
83 verbose headers   'cf-ray': '4e4cab412cacd681-MAD',
83 verbose headers   etag: 'W/"696d6ec470fda56a33885508a280edab"',
83 verbose headers   'expect-ct': 'max-age=604800, report-uri="https://report-uri.cloudflare.com/cdn-cgi/beacon/expect-ct"',
83 verbose headers   'last-modified': 'Sun, 27 May 2018 09:55:03 GMT',
83 verbose headers   vary: 'accept-encoding, accept',
83 verbose headers   server: 'cloudflare',
83 verbose headers   'content-encoding': 'gzip' }
84 silly get cb [ 200,
84 silly get   { date: 'Mon, 10 Jun 2019 16:19:48 GMT',
84 silly get     'content-type': 'application/json; charset=UTF-8',
84 silly get     'transfer-encoding': 'chunked',
84 silly get     connection: 'keep-alive',
84 silly get     'set-cookie': [ '__cfduid=d81ac0cdb616a31f4640c4d7a3483ba681560183588; expires=Tue, 09-Jun-20 16:19:48 GMT; path=/; domain=.npmjs.org; HttpOnly' ],
84 silly get     'cf-cache-status': 'HIT',
84 silly get     'cache-control': 'max-age=300',
84 silly get     'cf-ray': '4e4cab412cacd681-MAD',
84 silly get     etag: 'W/"696d6ec470fda56a33885508a280edab"',
84 silly get     'expect-ct': 'max-age=604800, report-uri="https://report-uri.cloudflare.com/cdn-cgi/beacon/expect-ct"',
84 silly get     'last-modified': 'Sun, 27 May 2018 09:55:03 GMT',
84 silly get     vary: 'accept-encoding, accept',
84 silly get     server: 'cloudflare',
84 silly get     'content-encoding': 'gzip' } ]
85 verbose get saving node-bin-setup to D:\t151744\AppData\Roaming\npm-cache\registry.npmjs.org\node-bin-setup\.cache.json
86 verbose correctMkdir D:\t151744\AppData\Roaming\npm-cache correctMkdir not in flight; initializing
87 silly resolveWithNewModule node-bin-setup@1.0.6 checking installable status
88 silly cache add args [ 'node-bin-setup@^1.0.0', null ]
89 verbose cache add spec node-bin-setup@^1.0.0
90 silly cache add parsed spec Result {
90 silly cache add   raw: 'node-bin-setup@^1.0.0',
90 silly cache add   scope: null,
90 silly cache add   escapedName: 'node-bin-setup',
90 silly cache add   name: 'node-bin-setup',
90 silly cache add   rawSpec: '^1.0.0',
90 silly cache add   spec: '>=1.0.0 <2.0.0',
90 silly cache add   type: 'range' }
91 silly addNamed node-bin-setup@>=1.0.0 <2.0.0
92 verbose addNamed ">=1.0.0 <2.0.0" is a valid semver range for node-bin-setup
93 silly addNameRange { name: 'node-bin-setup',
93 silly addNameRange   range: '>=1.0.0 <2.0.0',
93 silly addNameRange   hasData: false }
94 silly mapToRegistry name node-bin-setup
95 silly mapToRegistry using default registry
96 silly mapToRegistry registry https://registry.npmjs.org/
97 silly mapToRegistry data Result {
97 silly mapToRegistry   raw: 'node-bin-setup',
97 silly mapToRegistry   scope: null,
97 silly mapToRegistry   escapedName: 'node-bin-setup',
97 silly mapToRegistry   name: 'node-bin-setup',
97 silly mapToRegistry   rawSpec: '',
97 silly mapToRegistry   spec: 'latest',
97 silly mapToRegistry   type: 'tag' }
98 silly mapToRegistry uri https://registry.npmjs.org/node-bin-setup
99 verbose addNameRange registry:https://registry.npmjs.org/node-bin-setup not in flight; fetching
100 verbose get https://registry.npmjs.org/node-bin-setup not expired, no request
101 silly addNameRange number 2 { name: 'node-bin-setup',
101 silly addNameRange   range: '>=1.0.0 <2.0.0',
101 silly addNameRange   hasData: true }
102 silly addNameRange versions [ 'node-bin-setup',
102 silly addNameRange   [ '1.0.0', '1.0.1', '1.0.2', '1.0.3', '1.0.4', '1.0.6' ] ]
103 silly addNamed node-bin-setup@1.0.6
104 verbose addNamed "1.0.6" is a plain semver version for node-bin-setup
105 silly mapToRegistry name node-bin-setup
106 silly mapToRegistry using default registry
107 silly mapToRegistry registry https://registry.npmjs.org/
108 silly mapToRegistry data Result {
108 silly mapToRegistry   raw: 'node-bin-setup',
108 silly mapToRegistry   scope: null,
108 silly mapToRegistry   escapedName: 'node-bin-setup',
108 silly mapToRegistry   name: 'node-bin-setup',
108 silly mapToRegistry   rawSpec: '',
108 silly mapToRegistry   spec: 'latest',
108 silly mapToRegistry   type: 'tag' }
109 silly mapToRegistry uri https://registry.npmjs.org/node-bin-setup
110 verbose addRemoteTarball https://registry.npmjs.org/node-bin-setup/-/node-bin-setup-1.0.6.tgz not in flight; adding
111 verbose addRemoteTarball [ 'https://registry.npmjs.org/node-bin-setup/-/node-bin-setup-1.0.6.tgz',
111 verbose addRemoteTarball   '4b5c9bb937ece702d7069b36ca78af4684677528' ]
112 info retry fetch attempt 1 at 18:19:48
113 info attempt registry request try #1 at 18:19:48
114 http fetch GET https://registry.npmjs.org/node-bin-setup/-/node-bin-setup-1.0.6.tgz
115 http fetch 200 https://registry.npmjs.org/node-bin-setup/-/node-bin-setup-1.0.6.tgz
116 silly fetchAndShaCheck shasum 4b5c9bb937ece702d7069b36ca78af4684677528
117 verbose addTmpTarball D:\t151744\AppData\Local\Temp\npm-24636-f390bfc1\registry.npmjs.org\node-bin-setup\-\node-bin-setup-1.0.6.tgz not in flight; adding
118 verbose addTmpTarball already have metadata; skipping unpack for node-bin-setup@1.0.6
119 verbose correctMkdir D:\t151744\AppData\Roaming\npm-cache correctMkdir not in flight; initializing
120 silly cache afterAdd node-bin-setup@1.0.6
121 verbose afterAdd D:\t151744\AppData\Roaming\npm-cache\node-bin-setup\1.0.6\package\package.json not in flight; writing
122 verbose correctMkdir D:\t151744\AppData\Roaming\npm-cache correctMkdir not in flight; initializing
123 verbose afterAdd D:\t151744\AppData\Roaming\npm-cache\node-bin-setup\1.0.6\package\package.json written
124 silly loadAllDepsIntoIdealTree Finishing
125 silly loadIdealTree Finishing
126 silly currentTree lab-react-ironbeers
127 silly idealTree lab-react-ironbeers
127 silly idealTree +-- node-bin-setup@1.0.6
127 silly idealTree `-- node@12.4.0
128 silly generateActionsToTake Starting
129 silly install generateActionsToTake
130 silly generateActionsToTake Finishing
131 silly diffTrees action count 2
132 silly diffTrees add node-bin-setup@1.0.6
133 silly diffTrees add node@12.4.0
134 silly decomposeActions action count 16
135 silly decomposeActions fetch node-bin-setup@1.0.6
136 silly decomposeActions extract node-bin-setup@1.0.6
137 silly decomposeActions test node-bin-setup@1.0.6
138 silly decomposeActions preinstall node-bin-setup@1.0.6
139 silly decomposeActions build node-bin-setup@1.0.6
140 silly decomposeActions install node-bin-setup@1.0.6
141 silly decomposeActions postinstall node-bin-setup@1.0.6
142 silly decomposeActions finalize node-bin-setup@1.0.6
143 silly decomposeActions fetch node@12.4.0
144 silly decomposeActions extract node@12.4.0
145 silly decomposeActions test node@12.4.0
146 silly decomposeActions preinstall node@12.4.0
147 silly decomposeActions build node@12.4.0
148 silly decomposeActions install node@12.4.0
149 silly decomposeActions postinstall node@12.4.0
150 silly decomposeActions finalize node@12.4.0
151 silly runTopLevelLifecycles Starting
152 silly executeActions Starting
153 silly install executeActions
154 silly doSerial global-install 0
155 silly doParallel fetch 2
156 verbose correctMkdir D:\t151744\AppData\Roaming\npm-cache\_locks correctMkdir not in flight; initializing
157 verbose lock using D:\t151744\AppData\Roaming\npm-cache\_locks\staging-600792da4169a4ec.lock for D:\t151744\Desktop\react\lab-react-ironbeers\node_modules\.staging
158 silly doParallel extract 2
159 silly extract node-bin-setup@1.0.6
160 silly extract node@12.4.0
161 verbose unbuild node_modules\.staging\node-bin-setup-d1729f4e
162 verbose unbuild node_modules\.staging\node-11242d86
163 silly gentlyRm D:\t151744\Desktop\react\lab-react-ironbeers\node_modules\.staging\node-bin-setup-d1729f4e is being purged from base D:\t151744\Desktop\react\lab-react-ironbeers
164 verbose gentlyRm don't care about contents; nuking D:\t151744\Desktop\react\lab-react-ironbeers\node_modules\.staging\node-bin-setup-d1729f4e
165 silly gentlyRm D:\t151744\Desktop\react\lab-react-ironbeers\node_modules\.staging\node-11242d86 is being purged from base D:\t151744\Desktop\react\lab-react-ironbeers
166 verbose gentlyRm don't care about contents; nuking D:\t151744\Desktop\react\lab-react-ironbeers\node_modules\.staging\node-11242d86
167 verbose tar unpack D:\t151744\AppData\Roaming\npm-cache\node-bin-setup\1.0.6\package.tgz
168 verbose tar unpacking to D:\t151744\Desktop\react\lab-react-ironbeers\node_modules\.staging\node-bin-setup-d1729f4e
169 silly gentlyRm D:\t151744\Desktop\react\lab-react-ironbeers\node_modules\.staging\node-bin-setup-d1729f4e is being purged
170 verbose gentlyRm don't care about contents; nuking D:\t151744\Desktop\react\lab-react-ironbeers\node_modules\.staging\node-bin-setup-d1729f4e
171 verbose tar unpack D:\t151744\AppData\Roaming\npm-cache\node\12.4.0\package.tgz
172 verbose tar unpacking to D:\t151744\Desktop\react\lab-react-ironbeers\node_modules\.staging\node-11242d86
173 silly gentlyRm D:\t151744\Desktop\react\lab-react-ironbeers\node_modules\.staging\node-11242d86 is being purged
174 verbose gentlyRm don't care about contents; nuking D:\t151744\Desktop\react\lab-react-ironbeers\node_modules\.staging\node-11242d86
175 silly gunzTarPerm modes [ '777', '666' ]
176 silly gunzTarPerm modes [ '777', '666' ]
177 silly gunzTarPerm extractEntry package.json
178 silly gunzTarPerm modified mode [ 'package.json', 420, 438 ]
179 silly gunzTarPerm extractEntry package.json
180 silly gunzTarPerm modified mode [ 'package.json', 420, 438 ]
181 silly gunzTarPerm extractEntry index.js
182 silly gunzTarPerm modified mode [ 'index.js', 420, 438 ]
183 silly gunzTarPerm extractEntry installArchSpecificPackage.js
184 silly gunzTarPerm modified mode [ 'installArchSpecificPackage.js', 420, 438 ]
185 silly gunzTarPerm extractEntry README.md
186 silly gunzTarPerm modified mode [ 'README.md', 420, 438 ]
187 silly gentlyRm D:\t151744\Desktop\react\lab-react-ironbeers\node_modules\.staging\node-bin-setup-d1729f4e\node_modules is being purged
188 verbose gentlyRm don't care about contents; nuking D:\t151744\Desktop\react\lab-react-ironbeers\node_modules\.staging\node-bin-setup-d1729f4e\node_modules
189 silly gentlyRm D:\t151744\Desktop\react\lab-react-ironbeers\node_modules\.staging\node-11242d86\node_modules is being purged
190 verbose gentlyRm don't care about contents; nuking D:\t151744\Desktop\react\lab-react-ironbeers\node_modules\.staging\node-11242d86\node_modules
191 silly doParallel preinstall 2
192 silly preinstall node-bin-setup@1.0.6 D:\t151744\Desktop\react\lab-react-ironbeers\node_modules\.staging\node-bin-setup-d1729f4e
193 info lifecycle node-bin-setup@1.0.6~preinstall: node-bin-setup@1.0.6
194 silly preinstall node@12.4.0 D:\t151744\Desktop\react\lab-react-ironbeers\node_modules\.staging\node-11242d86
195 info lifecycle node@12.4.0~preinstall: node@12.4.0
196 silly lifecycle node-bin-setup@1.0.6~preinstall: no script for preinstall, continuing
197 verbose lifecycle node@12.4.0~preinstall: unsafe-perm in lifecycle true
198 verbose lifecycle node@12.4.0~preinstall: PATH: D:\t151744\AppData\Roaming\nvm\v7.2.0\node_modules\npm\bin\node-gyp-bin;D:\t151744\Desktop\react\lab-react-ironbeers\node_modules\.staging\node-11242d86\node_modules\.bin;D:\t151744\Desktop\react\lab-react-ironbeers\node_modules\.bin;C:\Archiv~1\Oracle\product\12.2.0\client;C:\Archiv~1\Oracle\product\12.2.0\client\bin;C:\Program Files\Teradata\Client\16.20\bin;C:\Program Files (x86)\Teradata\Client\16.20\bin;C:\Program Files\Common Files\Microsoft Shared\Microsoft Online Services;C:\Program Files (x86)\Common Files\Microsoft Shared\Microsoft Online Services;C:\ProgramData\Oracle\Java\javapath;C:\WINDOWS\system32;C:\WINDOWS;C:\WINDOWS\System32\Wbem;C:\WINDOWS\System32\WindowsPowerShell\v1.0\;C:\WINDOWS\System32\OpenSSH\;C:\Program Files (x86)\Microsoft Application Virtualization Client;C:\Program Files\Git\cmd;%NVM_HOME%;%NVM_SYMLINK%;C:\Users\t151744\AppData\Local\Microsoft\WindowsApps;C:\Users\t151744\AppData\Local\GitHubDesktop\bin;C:\Program Files\Git\bin;C:\Program Files\Git\cmd;C:\Users\t151744\AppData\Local\Programs\Microsoft VS Code\bin;D:\t151744\AppData\Roaming\nvm;C:\Program Files\nodejs
199 verbose lifecycle node@12.4.0~preinstall: CWD: D:\t151744\Desktop\react\lab-react-ironbeers\node_modules\.staging\node-11242d86
200 silly lifecycle node@12.4.0~preinstall: Args: [ '/d /s /c', 'node installArchSpecificPackage' ]
201 silly lifecycle node@12.4.0~preinstall: Returned: code: 1  signal: null
202 info lifecycle node@12.4.0~preinstall: Failed to exec preinstall script
203 verbose unlock done using D:\t151744\AppData\Roaming\npm-cache\_locks\staging-600792da4169a4ec.lock for D:\t151744\Desktop\react\lab-react-ironbeers\node_modules\.staging
204 silly rollbackFailedOptional Starting
205 silly rollbackFailedOptional Finishing
206 silly runTopLevelLifecycles Finishing
207 silly install printInstalled
208 warn enoent ENOENT: no such file or directory, open 'D:\t151744\Desktop\react\lab-react-ironbeers\package.json'
209 verbose enoent ENOENT: no such file or directory, open 'D:\t151744\Desktop\react\lab-react-ironbeers\package.json'
209 verbose enoent This is most likely not a problem with npm itself
209 verbose enoent and is related to npm not being able to find a file.
210 warn lab-react-ironbeers No description
211 verbose If you need help, you may report this error at:
211 verbose     <https://github.com/npm/npm/issues>
212 warn lab-react-ironbeers No repository field.
213 verbose If you need help, you may report this error at:
213 verbose     <https://github.com/npm/npm/issues>
214 warn lab-react-ironbeers No README data
215 verbose If you need help, you may report this error at:
215 verbose     <https://github.com/npm/npm/issues>
216 warn lab-react-ironbeers No license field.
217 verbose If you need help, you may report this error at:
217 verbose     <https://github.com/npm/npm/issues>
218 verbose stack Error: node@12.4.0 preinstall: `node installArchSpecificPackage`
218 verbose stack Exit status 1
218 verbose stack     at EventEmitter.<anonymous> (D:\t151744\AppData\Roaming\nvm\v7.2.0\node_modules\npm\lib\utils\lifecycle.js:255:16)
218 verbose stack     at emitTwo (events.js:106:13)
218 verbose stack     at EventEmitter.emit (events.js:191:7)
218 verbose stack     at ChildProcess.<anonymous> (D:\t151744\AppData\Roaming\nvm\v7.2.0\node_modules\npm\lib\utils\spawn.js:40:14)
218 verbose stack     at emitTwo (events.js:106:13)
218 verbose stack     at ChildProcess.emit (events.js:191:7)
218 verbose stack     at maybeClose (internal/child_process.js:885:16)
218 verbose stack     at Process.ChildProcess._handle.onexit (internal/child_process.js:226:5)
219 verbose pkgid node@12.4.0
220 verbose cwd D:\t151744\Desktop\react\lab-react-ironbeers
221 error Windows_NT 10.0.17763
222 error argv "C:\\Program Files\\nodejs\\node.exe" "C:\\Program Files\\nodejs\\node_modules\\npm\\bin\\npm-cli.js" "install" "node"
223 error node v7.2.0
224 error npm  v3.10.9
225 error code ELIFECYCLE
226 error node@12.4.0 preinstall: `node installArchSpecificPackage`
226 error Exit status 1
227 error Failed at the node@12.4.0 preinstall script 'node installArchSpecificPackage'.
227 error Make sure you have the latest version of node.js and npm installed.
227 error If you do, this is most likely a problem with the node package,
227 error not with npm itself.
227 error Tell the author that this fails on your system:
227 error     node installArchSpecificPackage
227 error You can get information on how to open an issue for this project with:
227 error     npm bugs node
227 error Or if that isn't available, you can get their info via:
227 error     npm owner ls node
227 error There is likely additional logging output above.
228 verbose exit [ 1, true ]
